<?xml version="1.0" encoding="UTF-8"?>
<!-- Generated by org.testng.reporters.JUnitReportReporter -->
<testsuite hostname="LAPTOP-VDE2I4SU" failures="0" tests="1" name="com.anu.TestNGProject.TestingObsqura" time="7.499" errors="0" timestamp="2023-03-21T22:33:14 IST" skipped="0">
  <testcase classname="com.anu.TestNGProject.TestingObsqura" name="testingTwoInputField" time="7.499"/>
  <system-out/>
</testsuite> <!-- com.anu.TestNGProject.TestingObsqura -->
