<?xml version="1.0" encoding="UTF-8"?>
<!-- Generated by org.testng.reporters.JUnitReportReporter -->
<testsuite hostname="LAPTOP-VDE2I4SU" failures="0" tests="3" name="com.anu.TestNGProject.DataProvidersample" time="0.011" errors="0" timestamp="2023-04-04T08:51:45 IST" skipped="0">
  <testcase classname="com.anu.TestNGProject.DataProvidersample" name="dataproviderSample" time="0.001"/>
  <system-out/>
  <testcase classname="com.anu.TestNGProject.DataProvidersample" name="dataproviderSample" time="0.009"/>
  <system-out/>
  <testcase classname="com.anu.TestNGProject.DataProvidersample" name="dataproviderSample" time="0.001"/>
  <system-out/>
</testsuite> <!-- com.anu.TestNGProject.DataProvidersample -->
