<?xml version="1.0" encoding="UTF-8"?>
<!-- Generated by org.testng.reporters.JUnitReportReporter -->
<testsuite hostname="LAPTOP-VDE2I4SU" failures="0" tests="1" name="com.anu.TestNGProject.DataProvider" time="0.010" errors="0" timestamp="2023-04-03T16:57:17 IST" skipped="0">
  <testcase classname="com.anu.TestNGProject.DataProvider" name="testcase" time="0.010"/>
  <system-out/>
</testsuite> <!-- com.anu.TestNGProject.DataProvider -->
