<?xml version="1.0" encoding="UTF-8"?>
<!-- Generated by org.testng.reporters.JUnitReportReporter -->
<testsuite hostname="LAPTOP-VDE2I4SU" failures="0" tests="1" name="com.anu.TestNGProject.AlertsandPopUps" time="4.493" errors="0" timestamp="2023-03-30T02:12:30 IST" skipped="0">
  <testcase classname="com.anu.TestNGProject.AlertsandPopUps" name="enterTextinAlert" time="4.493"/>
  <system-out/>
</testsuite> <!-- com.anu.TestNGProject.AlertsandPopUps -->
