<?xml version="1.0" encoding="UTF-8"?>
<!-- Generated by org.testng.reporters.JUnitReportReporter -->
<testsuite hostname="LAPTOP-VDE2I4SU" failures="0" tests="1" name="com.anu.TestNGProject.WindowHandle" time="7.032" errors="0" timestamp="2023-03-30T01:52:55 IST" skipped="0">
  <testcase classname="com.anu.TestNGProject.WindowHandle" name="verifylikeUsonFacebookButtonPopUp" time="7.032"/>
  <system-out/>
</testsuite> <!-- com.anu.TestNGProject.WindowHandle -->
