<?xml version="1.0" encoding="UTF-8"?>
<!-- Generated by org.testng.reporters.JUnitReportReporter -->
<testsuite hostname="LAPTOP-VDE2I4SU" failures="0" tests="1" name="com.anu.TestNGProject.FakerClass" time="4.838" errors="0" timestamp="2023-04-04T20:50:18 IST" skipped="0">
  <testcase classname="com.anu.TestNGProject.FakerClass" name="testcase" time="4.838"/>
  <system-out/>
</testsuite> <!-- com.anu.TestNGProject.FakerClass -->
