<?xml version="1.0" encoding="UTF-8"?>
<!-- Generated by org.testng.reporters.JUnitReportReporter -->
<testsuite hostname="LAPTOP-VDE2I4SU" failures="0" tests="1" name="com.anu.TestNGProject.CheckBoxDemo" time="6.768" errors="0" timestamp="2023-03-05T17:36:26 IST" skipped="0">
  <testcase classname="com.anu.TestNGProject.CheckBoxDemo" name="multipleCheckBoxDemo" time="6.768"/>
  <system-out/>
</testsuite> <!-- com.anu.TestNGProject.CheckBoxDemo -->
