<?xml version="1.0" encoding="UTF-8"?>
<!-- Generated by org.testng.reporters.JUnitReportReporter -->
<testsuite hostname="LAPTOP-VDE2I4SU" failures="0" tests="2" name="com.anu.TestNGProject.TestNGAnnotations" time="0.008" errors="0" timestamp="2023-02-15T00:22:12 IST" skipped="0">
  <testcase classname="com.anu.TestNGProject.TestNGAnnotations" name="test1" time="0.007"/>
  <system-out/>
  <testcase classname="com.anu.TestNGProject.TestNGAnnotations" name="test2" time="0.001"/>
  <system-out/>
</testsuite> <!-- com.anu.TestNGProject.TestNGAnnotations -->
