<?xml version="1.0" encoding="UTF-8"?>
<!-- Generated by org.testng.reporters.JUnitReportReporter -->
<testsuite hostname="LAPTOP-VDE2I4SU" failures="0" tests="1" name="com.anu.TestNGProject.AutoIT" time="11.267" errors="0" timestamp="2023-04-11T08:04:08 IST" skipped="0">
  <testcase classname="com.anu.TestNGProject.AutoIT" name="test2" time="11.267"/>
  <system-out/>
</testsuite> <!-- com.anu.TestNGProject.AutoIT -->
