<?xml version="1.0" encoding="UTF-8"?>
<!-- Generated by org.testng.reporters.JUnitReportReporter -->
<testsuite hostname="LAPTOP-VDE2I4SU" failures="0" tests="1" name="com.anu.TestNGProject.WebElementCommands" time="9.135" errors="0" timestamp="2023-03-02T22:46:17 IST" skipped="0">
  <testcase classname="com.anu.TestNGProject.WebElementCommands" name="verifyFontColorOfShowmessagebutton" time="9.135"/>
  <system-out/>
</testsuite> <!-- com.anu.TestNGProject.WebElementCommands -->
