<?xml version="1.0" encoding="UTF-8"?>
<!-- Generated by org.testng.reporters.JUnitReportReporter -->
<testsuite hostname="LAPTOP-VDE2I4SU" failures="0" tests="4" name="com.anu.TestNGProject.LocatorsbydifferntCommands" time="63.828" errors="0" timestamp="2023-02-23T19:12:29 IST" skipped="0">
  <testcase classname="com.anu.TestNGProject.LocatorsbydifferntCommands" name="locateById" time="12.856"/>
  <system-out/>
  <testcase classname="com.anu.TestNGProject.LocatorsbydifferntCommands" name="locateByCssSelector2" time="17.074"/>
  <system-out/>
  <testcase classname="com.anu.TestNGProject.LocatorsbydifferntCommands" name="locateByXpath" time="16.339"/>
  <system-out/>
  <testcase classname="com.anu.TestNGProject.LocatorsbydifferntCommands" name="locateByCssSelector1" time="17.559"/>
  <system-out/>
</testsuite> <!-- com.anu.TestNGProject.LocatorsbydifferntCommands -->
