<?xml version="1.0" encoding="UTF-8"?>
<!-- Generated by org.testng.reporters.JUnitReportReporter -->
<testsuite hostname="LAPTOP-VDE2I4SU" failures="0" tests="1" name="com.anu.TestNGProject.GetUrlCommand" time="8.681" errors="0" timestamp="2023-02-15T00:30:40 IST" skipped="0">
  <testcase classname="com.anu.TestNGProject.GetUrlCommand" name="getUrlCommand" time="8.681"/>
  <system-out/>
</testsuite> <!-- com.anu.TestNGProject.GetUrlCommand -->
