<?xml version="1.0" encoding="UTF-8"?>
<!-- Generated by org.testng.reporters.JUnitReportReporter -->
<testsuite hostname="LAPTOP-VDE2I4SU" failures="0" tests="1" name="com.anu.TestNGProject.JavaScriptExecuter" time="4.693" errors="0" timestamp="2023-03-29T07:42:38 IST" skipped="0">
  <testcase classname="com.anu.TestNGProject.JavaScriptExecuter" name="EnterValueInTextField" time="4.693"/>
  <system-out/>
</testsuite> <!-- com.anu.TestNGProject.JavaScriptExecuter -->
