<?xml version="1.0" encoding="UTF-8"?>
<!-- Generated by org.testng.reporters.JUnitReportReporter -->
<testsuite hostname="LAPTOP-VDE2I4SU" failures="0" tests="1" name="com.anu.TestNGProject.ActionClass" time="78.806" errors="0" timestamp="2023-03-28T01:54:50 IST" skipped="0">
  <testcase classname="com.anu.TestNGProject.ActionClass" name="dragAndDrop" time="78.806"/>
  <system-out/>
</testsuite> <!-- com.anu.TestNGProject.ActionClass -->
