<?xml version="1.0" encoding="UTF-8"?>
<!-- Generated by org.testng.reporters.JUnitReportReporter -->
<testsuite hostname="LAPTOP-VDE2I4SU" failures="0" tests="1" name="com.anu.TestNGProject.SelectInput" time="16.984" errors="0" timestamp="2023-03-09T18:17:06 IST" skipped="0">
  <testcase classname="com.anu.TestNGProject.SelectInput" name="verifytheSelectedColorisGreen" time="16.984"/>
  <system-out/>
</testsuite> <!-- com.anu.TestNGProject.SelectInput -->
