<?xml version="1.0" encoding="UTF-8"?>
<!-- Generated by org.testng.reporters.JUnitReportReporter -->
<testsuite hostname="LAPTOP-VDE2I4SU" failures="0" tests="1" name="com.anu.TestNGProject.RadioButtonDemo" time="5.576" errors="0" timestamp="2023-03-19T18:23:51 IST" skipped="0">
  <testcase classname="com.anu.TestNGProject.RadioButtonDemo" name="VerifygroupRadioButtonsDemoAndCheckPatientsGenderandAgeGroup" time="5.576"/>
  <system-out/>
</testsuite> <!-- com.anu.TestNGProject.RadioButtonDemo -->
