<?xml version="1.0" encoding="UTF-8"?>
<!-- Generated by org.testng.reporters.JUnitReportReporter -->
<testsuite hostname="LAPTOP-VDE2I4SU" failures="0" tests="1" name="com.anu.TestNGProject.GetPageSourceCommand" time="10.376" errors="0" timestamp="2023-02-15T00:34:24 IST" skipped="0">
  <testcase classname="com.anu.TestNGProject.GetPageSourceCommand" name="getpageSourceCommand" time="10.376"/>
  <system-out/>
</testsuite> <!-- com.anu.TestNGProject.GetPageSourceCommand -->
