<?xml version="1.0" encoding="UTF-8"?>
<!-- Generated by org.testng.reporters.JUnitReportReporter -->
<testsuite hostname="LAPTOP-VDE2I4SU" failures="0" tests="1" name="com.anu.TestNGProject.DynamicTable" time="5.916" errors="0" timestamp="2023-03-27T02:10:17 IST" skipped="0">
  <testcase classname="com.anu.TestNGProject.DynamicTable" name="verifyTableFilterCheckWhetherElementisPresentintheRow" time="5.916"/>
  <system-out/>
</testsuite> <!-- com.anu.TestNGProject.DynamicTable -->
