<?xml version="1.0" encoding="UTF-8"?>
<!-- Generated by org.testng.reporters.JUnitReportReporter -->
<testsuite hostname="LAPTOP-VDE2I4SU" failures="0" tests="20" name="com.anu.TestNGProject.Locators" time="231.757" errors="0" timestamp="2023-03-19T19:09:18 IST" skipped="0">
  <testcase classname="com.anu.TestNGProject.Locators" name="locatorByXpath" time="19.778"/>
  <system-out/>
  <testcase classname="com.anu.TestNGProject.Locators" name="locatorByXpathUsingPreceding" time="5.105"/>
  <system-out/>
  <testcase classname="com.anu.TestNGProject.Locators" name="locatorByAbsoluteXpath" time="4.172"/>
  <system-out/>
  <testcase classname="com.anu.TestNGProject.Locators" name="locatorByXpathUsingChildAttribute" time="5.181"/>
  <system-out/>
  <testcase classname="com.anu.TestNGProject.Locators" name="locatorByXpathUsingFollowingSibling" time="5.306"/>
  <system-out/>
  <testcase classname="com.anu.TestNGProject.Locators" name="locatorByClass" time="16.168"/>
  <system-out/>
  <testcase classname="com.anu.TestNGProject.Locators" name="locatorById" time="62.740"/>
  <system-out/>
  <testcase classname="com.anu.TestNGProject.Locators" name="locatorByXpathUsingDescendant" time="8.312"/>
  <system-out/>
  <testcase classname="com.anu.TestNGProject.Locators" name="locatorByXpathContains" time="4.472"/>
  <system-out/>
  <testcase classname="com.anu.TestNGProject.Locators" name="locatorByXpathUsingParentAttribute" time="5.565"/>
  <system-out/>
  <testcase classname="com.anu.TestNGProject.Locators" name="locatorBylinkText" time="20.766"/>
  <system-out/>
  <testcase classname="com.anu.TestNGProject.Locators" name="locatorByTagName" time="4.401"/>
  <system-out/>
  <testcase classname="com.anu.TestNGProject.Locators" name="locatorByXpathStartsWith" time="4.516"/>
  <system-out/>
  <testcase classname="com.anu.TestNGProject.Locators" name="locatorByXpathUsingFollowing" time="3.100"/>
  <system-out/>
  <testcase classname="com.anu.TestNGProject.Locators" name="locatorByXpathUsingSelf" time="3.965"/>
  <system-out/>
  <testcase classname="com.anu.TestNGProject.Locators" name="locatorByXpathUsingAncestor" time="4.537"/>
  <system-out/>
  <testcase classname="com.anu.TestNGProject.Locators" name="locatorByXpathUsingOR" time="4.574"/>
  <system-out/>
  <testcase classname="com.anu.TestNGProject.Locators" name="locatorByXpathUsingAnd" time="5.136"/>
  <system-out/>
  <testcase classname="com.anu.TestNGProject.Locators" name="locatorByCssSelector" time="25.634"/>
  <system-out/>
  <testcase classname="com.anu.TestNGProject.Locators" name="locatorByName" time="18.329"/>
  <system-out/>
</testsuite> <!-- com.anu.TestNGProject.Locators -->
